\BOOKMARK [0][-]{chapter*.1}{\376\377\000D\000e\000d\000i\000c\000a\000t\000o\000r\000i\000a}{}% 1
\BOOKMARK [0][-]{chapter*.2}{\376\377\000A\000g\000r\000a\000d\000e\000c\000i\000m\000i\000e\000n\000t\000o\000s}{}% 2
\BOOKMARK [0][-]{chapter*.3}{\376\377\000F\000i\000c\000h\000a\000R\000e\000s\000u\000m\000e\000n}{}% 3
\BOOKMARK [0][-]{chapter.1}{\376\377\000I\000n\000t\000r\000o\000d\000u\000c\000c\000i\000\363\000n}{}% 4
\BOOKMARK [1][-]{section.1.1}{\376\377\000A\000n\000t\000e\000c\000e\000d\000e\000n\000t\000e\000s}{chapter.1}% 5
\BOOKMARK [1][-]{section.1.2}{\376\377\000D\000e\000s\000c\000r\000i\000p\000c\000i\000\363\000n\000\040\000d\000e\000l\000\040\000p\000r\000o\000b\000l\000e\000m\000a}{chapter.1}% 6
\BOOKMARK [2][-]{subsection.1.2.1}{\376\377\000D\000e\000f\000i\000n\000i\000c\000i\000\363\000n\000\040\000d\000e\000l\000\040\000P\000r\000o\000b\000l\000e\000m\000a}{section.1.2}% 7
\BOOKMARK [1][-]{section.1.3}{\376\377\000O\000b\000j\000e\000t\000i\000v\000o\000s}{chapter.1}% 8
\BOOKMARK [2][-]{subsection.1.3.1}{\376\377\000O\000b\000j\000e\000t\000i\000v\000o\000\040\000g\000e\000n\000e\000r\000a\000l}{section.1.3}% 9
\BOOKMARK [2][-]{subsection.1.3.2}{\376\377\000O\000b\000j\000e\000t\000i\000v\000o\000s\000\040\000e\000s\000p\000e\000c\000\355\000f\000i\000c\000o\000s}{section.1.3}% 10
\BOOKMARK [1][-]{section.1.4}{\376\377\000J\000u\000s\000t\000i\000f\000i\000c\000a\000c\000i\000\363\000n}{chapter.1}% 11
\BOOKMARK [1][-]{section.1.5}{\376\377\000L\000\355\000m\000i\000t\000e\000s\000\040\000y\000\040\000a\000l\000c\000a\000n\000c\000e\000s}{chapter.1}% 12
\BOOKMARK [1][-]{section.1.6}{\376\377\000M\000e\000t\000o\000d\000o\000l\000o\000g\000\355\000a\000\040\000d\000e\000\040\000d\000e\000s\000a\000r\000r\000o\000l\000l\000o}{chapter.1}% 13
\BOOKMARK [0][-]{chapter.2}{\376\377\000M\000A\000R\000C\000O\000\040\000T\000E\000\323\000R\000I\000C\000O}{}% 14
\BOOKMARK [1][-]{section.2.1}{\376\377\000M\000A\000P\000A\000S\000\040\000E\000S\000T\000I\000L\000O\000\040\000M\000O\000S\000A\000I\000C\000O\000\040\000O\000\040\000T\000I\000L\000E\000M\000A\000P\000S}{chapter.2}% 15
\BOOKMARK [1][-]{section.2.2}{\376\377\000S\000C\000P\000\040\000O\000\040\000P\000R\000O\000B\000L\000E\000M\000A\000S\000\040\000D\000E\000\040\000S\000A\000T\000I\000S\000F\000A\000C\000C\000I\000\323\000N\000\040\000D\000E\000\040\000R\000E\000S\000T\000R\000I\000C\000C\000I\000O\000N\000E\000S}{chapter.2}% 16
\BOOKMARK [1][-]{section.2.3}{\376\377\000A\000l\000g\000o\000r\000i\000t\000m\000o\000\040\000A\000C\000-\0003}{chapter.2}% 17
\BOOKMARK [1][-]{section.2.4}{\376\377\000W\000A\000V\000E\000\040\000F\000U\000N\000C\000T\000I\000O\000N\000\040\000C\000O\000L\000L\000A\000P\000S\000E}{chapter.2}% 18
\BOOKMARK [2][-]{subsection.2.4.1}{\376\377\000e\000j\000e\000m\000p\000l\000o\000\040\000s\000u\000b\000s\000e\000c\000c\000i\000o\000n}{section.2.4}% 19
\BOOKMARK [1][-]{section.2.5}{\376\377\000M\000O\000T\000O\000R\000E\000S\000\040\000D\000E\000\040\000V\000I\000D\000E\000O\000J\000U\000E\000G\000O\000S}{chapter.2}% 20
\BOOKMARK [1][-]{section.2.6}{\376\377\000E\000S\000T\000A\000D\000O\000\040\000D\000E\000L\000\040\000A\000R\000T\000E}{chapter.2}% 21
\BOOKMARK [1][-]{section.2.7}{\376\377\000T\000E\000C\000N\000O\000L\000O\000G\000\315\000A\000S}{chapter.2}% 22
\BOOKMARK [2][-]{subsection.2.7.1}{\376\377\000L\000e\000n\000g\000u\000a\000j\000e\000\040\000d\000e\000\040\000p\000r\000o\000g\000r\000a\000m\000a\000c\000i\000\363\000n}{section.2.7}% 23
\BOOKMARK [2][-]{subsection.2.7.2}{\376\377\000G\000o\000d\000o\000t}{section.2.7}% 24
\BOOKMARK [2][-]{subsection.2.7.3}{}{section.2.7}% 25
\BOOKMARK [2][-]{subsection.2.7.4}{\376\377\000G\000I\000T\000-\000G\000I\000T\000H\000U\000B}{section.2.7}% 26
\BOOKMARK [1][-]{section.2.8}{\376\377\000P\000R\000O\000C\000E\000S\000O\000\040\000D\000E\000\040\000D\000E\000S\000A\000R\000R\000O\000L\000L\000O}{chapter.2}% 27
\BOOKMARK [2][-]{subsection.2.8.1}{\376\377\000K\000a\000n\000b\000a\000n}{section.2.8}% 28
\BOOKMARK [2][-]{subsection.2.8.2}{\376\377\000P\000o\000r\000\040\000q\000u\000\351\000\040\000n\000o\000\040\000o\000t\000r\000o\000s\000\040\000p\000r\000o\000c\000e\000s\000o\000s}{section.2.8}% 29
\BOOKMARK [0][-]{chapter.3}{\376\377\000M\000A\000R\000C\000O\000\040\000D\000E\000\040\000A\000P\000L\000I\000C\000A\000C\000I\000\323\000N}{}% 30
\BOOKMARK [1][-]{section.3.1}{\376\377\000s\000u\000b\000t\000i\000t\000u\000l\000o}{chapter.3}% 31
\BOOKMARK [1][-]{section.3.2}{\376\377\000s\000u\000b\000t\000i\000t\000u\000l\000o}{chapter.3}% 32
\BOOKMARK [1][-]{section.3.3}{\376\377\000D\000i\000s\000e\000\361\000o}{chapter.3}% 33
\BOOKMARK [2][-]{subsection.3.3.1}{\376\377\000s\000u\000b\000s\000u\000b\000t\000i\000t\000u\000l\000o}{section.3.3}% 34
\BOOKMARK [1][-]{section.3.4}{\376\377\000I\000m\000p\000l\000e\000m\000e\000n\000t\000a\000c\000i\000\363\000n}{chapter.3}% 35
\BOOKMARK [2][-]{subsection.3.4.1}{\376\377\000H\000e\000r\000r\000a\000m\000i\000e\000n\000t\000a\000s\000\040\000d\000e\000\040\000s\000o\000f\000t\000w\000a\000r\000e}{section.3.4}% 36
\BOOKMARK [0][-]{chapter.4}{\376\377\000D\000E\000S\000A\000R\000R\000O\000L\000L\000O\000\040\000D\000E\000L\000\040\000P\000R\000O\000Y\000E\000C\000T\000O}{}% 37
\BOOKMARK [1][-]{section.4.1}{\376\377\000D\000I\000S\000E\000\321\000O\000\040\000D\000E\000\040\000A\000R\000Q\000U\000I\000T\000E\000C\000T\000U\000R\000A}{chapter.4}% 38
\BOOKMARK [0][-]{chapter.5}{\376\377\000C\000o\000n\000c\000l\000u\000s\000i\000o\000n\000e\000s\000\040\000y\000\040\000R\000e\000c\000o\000m\000e\000n\000d\000a\000c\000i\000o\000n\000e\000s}{}% 39
\BOOKMARK [1][-]{section.5.1}{\376\377\000S\000u\000b\000t\000i\000t\000u\000l\000o}{chapter.5}% 40
\BOOKMARK [2][-]{subsection.5.1.1}{\376\377\000S\000u\000b\000s\000u\000b\000t\000i\000t\000u\000l\000o}{section.5.1}% 41
\BOOKMARK [0][-]{subsection.5.1.1}{\376\377\000B\000i\000b\000l\000i\000o\000g\000r\000a\000f\000\355\000a}{}% 42
\BOOKMARK [0][-]{chapter*.9}{\376\377\000A\000n\000e\000x\000o\000s}{}% 43
